{
  "D:\\React\\INtern\\social-media\\src\\components\\defaultProps.tsx": {
    "path": "D:\\React\\INtern\\social-media\\src\\components\\defaultProps.tsx",
    "statementMap": {},
    "fnMap": {},
    "branchMap": {},
    "s": {},
    "f": {},
    "b": {},
    "_coverageSchema": "1a1c01bbd47fc00a2c39e90264f33305004495a9",
    "hash": "d39398d72d19821cecc3fafd8ccbf4766c7f1ec8"
  },
  "D:\\React\\INtern\\social-media\\src\\redux\\store\\InitialStore.ts": {
    "path": "D:\\React\\INtern\\social-media\\src\\redux\\store\\InitialStore.ts",
    "statementMap": {
      "0": {
        "start": {
          "line": 3,
          "column": 28
        },
        "end": {
          "line": 17,
          "column": 1
        }
      }
    },
    "fnMap": {},
    "branchMap": {},
    "s": {
      "0": 18
    },
    "f": {},
    "b": {},
    "_coverageSchema": "1a1c01bbd47fc00a2c39e90264f33305004495a9",
    "hash": "f3ea330f0dc320cffda9e589e31bc9cba85b01e4"
  },
  "D:\\React\\INtern\\social-media\\src\\redux\\reducers\\auth.reducers.ts": {
    "path": "D:\\React\\INtern\\social-media\\src\\redux\\reducers\\auth.reducers.ts",
    "statementMap": {
      "0": {
        "start": {
          "line": 15,
          "column": 19
        },
        "end": {
          "line": 22,
          "column": 2
        }
      },
      "1": {
        "start": {
          "line": 16,
          "column": 21
        },
        "end": {
          "line": 16,
          "column": 109
        }
      },
      "2": {
        "start": {
          "line": 17,
          "column": 17
        },
        "end": {
          "line": 17,
          "column": 38
        }
      },
      "3": {
        "start": {
          "line": 18,
          "column": 17
        },
        "end": {
          "line": 20,
          "column": 6
        }
      },
      "4": {
        "start": {
          "line": 19,
          "column": 8
        },
        "end": {
          "line": 19,
          "column": 81
        }
      },
      "5": {
        "start": {
          "line": 21,
          "column": 4
        },
        "end": {
          "line": 21,
          "column": 17
        }
      },
      "6": {
        "start": {
          "line": 24,
          "column": 18
        },
        "end": {
          "line": 53,
          "column": 2
        }
      },
      "7": {
        "start": {
          "line": 29,
          "column": 12
        },
        "end": {
          "line": 29,
          "column": 39
        }
      },
      "8": {
        "start": {
          "line": 30,
          "column": 12
        },
        "end": {
          "line": 30,
          "column": 68
        }
      },
      "9": {
        "start": {
          "line": 33,
          "column": 12
        },
        "end": {
          "line": 41,
          "column": 13
        }
      },
      "10": {
        "start": {
          "line": 42,
          "column": 12
        },
        "end": {
          "line": 42,
          "column": 32
        }
      },
      "11": {
        "start": {
          "line": 45,
          "column": 12
        },
        "end": {
          "line": 45,
          "column": 42
        }
      },
      "12": {
        "start": {
          "line": 49,
          "column": 8
        },
        "end": {
          "line": 51,
          "column": 10
        }
      },
      "13": {
        "start": {
          "line": 50,
          "column": 12
        },
        "end": {
          "line": 50,
          "column": 41
        }
      },
      "14": {
        "start": {
          "line": 55,
          "column": 47
        },
        "end": {
          "line": 55,
          "column": 64
        }
      }
    },
    "fnMap": {
      "0": {
        "name": "(anonymous_0)",
        "decl": {
          "start": {
            "line": 15,
            "column": 57
          },
          "end": {
            "line": 15,
            "column": 58
          }
        },
        "loc": {
          "start": {
            "line": 15,
            "column": 69
          },
          "end": {
            "line": 22,
            "column": 1
          }
        },
        "line": 15
      },
      "1": {
        "name": "(anonymous_1)",
        "decl": {
          "start": {
            "line": 18,
            "column": 27
          },
          "end": {
            "line": 18,
            "column": 28
          }
        },
        "loc": {
          "start": {
            "line": 18,
            "column": 63
          },
          "end": {
            "line": 20,
            "column": 5
          }
        },
        "line": 18
      },
      "2": {
        "name": "(anonymous_2)",
        "decl": {
          "start": {
            "line": 28,
            "column": 15
          },
          "end": {
            "line": 28,
            "column": 16
          }
        },
        "loc": {
          "start": {
            "line": 28,
            "column": 34
          },
          "end": {
            "line": 31,
            "column": 9
          }
        },
        "line": 28
      },
      "3": {
        "name": "(anonymous_3)",
        "decl": {
          "start": {
            "line": 32,
            "column": 16
          },
          "end": {
            "line": 32,
            "column": 17
          }
        },
        "loc": {
          "start": {
            "line": 32,
            "column": 27
          },
          "end": {
            "line": 43,
            "column": 9
          }
        },
        "line": 32
      },
      "4": {
        "name": "(anonymous_4)",
        "decl": {
          "start": {
            "line": 44,
            "column": 22
          },
          "end": {
            "line": 44,
            "column": 23
          }
        },
        "loc": {
          "start": {
            "line": 44,
            "column": 41
          },
          "end": {
            "line": 46,
            "column": 9
          }
        },
        "line": 44
      },
      "5": {
        "name": "(anonymous_5)",
        "decl": {
          "start": {
            "line": 48,
            "column": 19
          },
          "end": {
            "line": 48,
            "column": 20
          }
        },
        "loc": {
          "start": {
            "line": 48,
            "column": 32
          },
          "end": {
            "line": 52,
            "column": 5
          }
        },
        "line": 48
      },
      "6": {
        "name": "(anonymous_6)",
        "decl": {
          "start": {
            "line": 49,
            "column": 46
          },
          "end": {
            "line": 49,
            "column": 47
          }
        },
        "loc": {
          "start": {
            "line": 49,
            "column": 65
          },
          "end": {
            "line": 51,
            "column": 9
          }
        },
        "line": 49
      }
    },
    "branchMap": {},
    "s": {
      "0": 18,
      "1": 44,
      "2": 44,
      "3": 44,
      "4": 2827,
      "5": 44,
      "6": 18,
      "7": 28,
      "8": 28,
      "9": 0,
      "10": 0,
      "11": 34,
      "12": 18,
      "13": 44,
      "14": 18
    },
    "f": {
      "0": 44,
      "1": 2827,
      "2": 28,
      "3": 0,
      "4": 34,
      "5": 18,
      "6": 44
    },
    "b": {},
    "_coverageSchema": "1a1c01bbd47fc00a2c39e90264f33305004495a9",
    "hash": "3250a883813e7b54a6166d1c3330848a36ef593e"
  },
  "D:\\React\\INtern\\social-media\\src\\components\\Layout.tsx": {
    "path": "D:\\React\\INtern\\social-media\\src\\components\\Layout.tsx",
    "statementMap": {
      "0": {
        "start": {
          "line": 12,
          "column": 15
        },
        "end": {
          "line": 86,
          "column": 1
        }
      },
      "1": {
        "start": {
          "line": 13,
          "column": 21
        },
        "end": {
          "line": 13,
          "column": 34
        }
      },
      "2": {
        "start": {
          "line": 14,
          "column": 21
        },
        "end": {
          "line": 14,
          "column": 34
        }
      },
      "3": {
        "start": {
          "line": 16,
          "column": 36
        },
        "end": {
          "line": 16,
          "column": 71
        }
      },
      "4": {
        "start": {
          "line": 17,
          "column": 21
        },
        "end": {
          "line": 17,
          "column": 66
        }
      },
      "5": {
        "start": {
          "line": 17,
          "column": 55
        },
        "end": {
          "line": 17,
          "column": 65
        }
      },
      "6": {
        "start": {
          "line": 19,
          "column": 21
        },
        "end": {
          "line": 19,
          "column": 34
        }
      },
      "7": {
        "start": {
          "line": 22,
          "column": 4
        },
        "end": {
          "line": 30,
          "column": 10
        }
      },
      "8": {
        "start": {
          "line": 23,
          "column": 8
        },
        "end": {
          "line": 25,
          "column": 9
        }
      },
      "9": {
        "start": {
          "line": 24,
          "column": 12
        },
        "end": {
          "line": 24,
          "column": 75
        }
      },
      "10": {
        "start": {
          "line": 32,
          "column": 4
        },
        "end": {
          "line": 85,
          "column": 5
        }
      },
      "11": {
        "start": {
          "line": 42,
          "column": 16
        },
        "end": {
          "line": 49,
          "column": 22
        }
      },
      "12": {
        "start": {
          "line": 44,
          "column": 24
        },
        "end": {
          "line": 44,
          "column": 68
        }
      },
      "13": {
        "start": {
          "line": 45,
          "column": 24
        },
        "end": {
          "line": 45,
          "column": 64
        }
      },
      "14": {
        "start": {
          "line": 58,
          "column": 20
        },
        "end": {
          "line": 77,
          "column": 22
        }
      },
      "15": {
        "start": {
          "line": 69,
          "column": 36
        },
        "end": {
          "line": 69,
          "column": 54
        }
      },
      "16": {
        "start": {
          "line": 70,
          "column": 36
        },
        "end": {
          "line": 70,
          "column": 55
        }
      }
    },
    "fnMap": {
      "0": {
        "name": "(anonymous_0)",
        "decl": {
          "start": {
            "line": 12,
            "column": 15
          },
          "end": {
            "line": 12,
            "column": 16
          }
        },
        "loc": {
          "start": {
            "line": 12,
            "column": 64
          },
          "end": {
            "line": 86,
            "column": 1
          }
        },
        "line": 12
      },
      "1": {
        "name": "(anonymous_1)",
        "decl": {
          "start": {
            "line": 17,
            "column": 33
          },
          "end": {
            "line": 17,
            "column": 34
          }
        },
        "loc": {
          "start": {
            "line": 17,
            "column": 55
          },
          "end": {
            "line": 17,
            "column": 65
          }
        },
        "line": 17
      },
      "2": {
        "name": "(anonymous_2)",
        "decl": {
          "start": {
            "line": 22,
            "column": 14
          },
          "end": {
            "line": 22,
            "column": 15
          }
        },
        "loc": {
          "start": {
            "line": 22,
            "column": 20
          },
          "end": {
            "line": 30,
            "column": 5
          }
        },
        "line": 22
      },
      "3": {
        "name": "(anonymous_3)",
        "decl": {
          "start": {
            "line": 41,
            "column": 28
          },
          "end": {
            "line": 41,
            "column": 29
          }
        },
        "loc": {
          "start": {
            "line": 42,
            "column": 16
          },
          "end": {
            "line": 49,
            "column": 22
          }
        },
        "line": 42
      },
      "4": {
        "name": "(anonymous_4)",
        "decl": {
          "start": {
            "line": 43,
            "column": 29
          },
          "end": {
            "line": 43,
            "column": 30
          }
        },
        "loc": {
          "start": {
            "line": 43,
            "column": 35
          },
          "end": {
            "line": 46,
            "column": 21
          }
        },
        "line": 43
      },
      "5": {
        "name": "(anonymous_5)",
        "decl": {
          "start": {
            "line": 57,
            "column": 24
          },
          "end": {
            "line": 57,
            "column": 25
          }
        },
        "loc": {
          "start": {
            "line": 57,
            "column": 40
          },
          "end": {
            "line": 78,
            "column": 17
          }
        },
        "line": 57
      },
      "6": {
        "name": "(anonymous_6)",
        "decl": {
          "start": {
            "line": 68,
            "column": 32
          },
          "end": {
            "line": 68,
            "column": 33
          }
        },
        "loc": {
          "start": {
            "line": 68,
            "column": 43
          },
          "end": {
            "line": 71,
            "column": 33
          }
        },
        "line": 68
      }
    },
    "branchMap": {
      "0": {
        "loc": {
          "start": {
            "line": 23,
            "column": 8
          },
          "end": {
            "line": 25,
            "column": 9
          }
        },
        "type": "if",
        "locations": [
          {
            "start": {
              "line": 23,
              "column": 8
            },
            "end": {
              "line": 25,
              "column": 9
            }
          },
          {
            "start": {
              "line": 23,
              "column": 8
            },
            "end": {
              "line": 25,
              "column": 9
            }
          }
        ],
        "line": 23
      },
      "1": {
        "loc": {
          "start": {
            "line": 24,
            "column": 38
          },
          "end": {
            "line": 24,
            "column": 72
          }
        },
        "type": "binary-expr",
        "locations": [
          {
            "start": {
              "line": 24,
              "column": 38
            },
            "end": {
              "line": 24,
              "column": 66
            }
          },
          {
            "start": {
              "line": 24,
              "column": 70
            },
            "end": {
              "line": 24,
              "column": 72
            }
          }
        ],
        "line": 24
      },
      "2": {
        "loc": {
          "start": {
            "line": 44,
            "column": 36
          },
          "end": {
            "line": 44,
            "column": 66
          }
        },
        "type": "binary-expr",
        "locations": [
          {
            "start": {
              "line": 44,
              "column": 36
            },
            "end": {
              "line": 44,
              "column": 45
            }
          },
          {
            "start": {
              "line": 44,
              "column": 49
            },
            "end": {
              "line": 44,
              "column": 66
            }
          }
        ],
        "line": 44
      },
      "3": {
        "loc": {
          "start": {
            "line": 45,
            "column": 33
          },
          "end": {
            "line": 45,
            "column": 63
          }
        },
        "type": "binary-expr",
        "locations": [
          {
            "start": {
              "line": 45,
              "column": 33
            },
            "end": {
              "line": 45,
              "column": 42
            }
          },
          {
            "start": {
              "line": 45,
              "column": 46
            },
            "end": {
              "line": 45,
              "column": 63
            }
          }
        ],
        "line": 45
      }
    },
    "s": {
      "0": 18,
      "1": 284,
      "2": 284,
      "3": 284,
      "4": 284,
      "5": 426,
      "6": 284,
      "7": 284,
      "8": 36,
      "9": 20,
      "10": 284,
      "11": 1070,
      "12": 4,
      "13": 4,
      "14": 194,
      "15": 0,
      "16": 0
    },
    "f": {
      "0": 284,
      "1": 426,
      "2": 36,
      "3": 1070,
      "4": 4,
      "5": 194,
      "6": 0
    },
    "b": {
      "0": [
        20,
        16
      ],
      "1": [
        20,
        0
      ],
      "2": [
        4,
        0
      ],
      "3": [
        4,
        0
      ]
    },
    "_coverageSchema": "1a1c01bbd47fc00a2c39e90264f33305004495a9",
    "hash": "7068db6f6f3db14e6b4d54153ed07b5bdc91b928"
  },
  "D:\\React\\INtern\\social-media\\src\\components\\ModalInput.tsx": {
    "path": "D:\\React\\INtern\\social-media\\src\\components\\ModalInput.tsx",
    "statementMap": {
      "0": {
        "start": {
          "line": 8,
          "column": 19
        },
        "end": {
          "line": 8,
          "column": 24
        }
      },
      "1": {
        "start": {
          "line": 16,
          "column": 26
        },
        "end": {
          "line": 64,
          "column": 1
        }
      },
      "2": {
        "start": {
          "line": 17,
          "column": 36
        },
        "end": {
          "line": 17,
          "column": 67
        }
      },
      "3": {
        "start": {
          "line": 18,
          "column": 30
        },
        "end": {
          "line": 18,
          "column": 75
        }
      },
      "4": {
        "start": {
          "line": 18,
          "column": 64
        },
        "end": {
          "line": 18,
          "column": 74
        }
      },
      "5": {
        "start": {
          "line": 19,
          "column": 21
        },
        "end": {
          "line": 19,
          "column": 47
        }
      },
      "6": {
        "start": {
          "line": 21,
          "column": 4
        },
        "end": {
          "line": 23,
          "column": 14
        }
      },
      "7": {
        "start": {
          "line": 22,
          "column": 8
        },
        "end": {
          "line": 22,
          "column": 34
        }
      },
      "8": {
        "start": {
          "line": 26,
          "column": 23
        },
        "end": {
          "line": 42,
          "column": 5
        }
      },
      "9": {
        "start": {
          "line": 27,
          "column": 8
        },
        "end": {
          "line": 27,
          "column": 37
        }
      },
      "10": {
        "start": {
          "line": 28,
          "column": 8
        },
        "end": {
          "line": 37,
          "column": 46
        }
      },
      "11": {
        "start": {
          "line": 37,
          "column": 30
        },
        "end": {
          "line": 37,
          "column": 45
        }
      },
      "12": {
        "start": {
          "line": 38,
          "column": 8
        },
        "end": {
          "line": 38,
          "column": 23
        }
      },
      "13": {
        "start": {
          "line": 39,
          "column": 8
        },
        "end": {
          "line": 39,
          "column": 30
        }
      },
      "14": {
        "start": {
          "line": 40,
          "column": 8
        },
        "end": {
          "line": 40,
          "column": 30
        }
      },
      "15": {
        "start": {
          "line": 41,
          "column": 8
        },
        "end": {
          "line": 41,
          "column": 38
        }
      },
      "16": {
        "start": {
          "line": 44,
          "column": 25
        },
        "end": {
          "line": 46,
          "column": 5
        }
      },
      "17": {
        "start": {
          "line": 45,
          "column": 8
        },
        "end": {
          "line": 45,
          "column": 30
        }
      },
      "18": {
        "start": {
          "line": 49,
          "column": 4
        },
        "end": {
          "line": 63,
          "column": 5
        }
      },
      "19": {
        "start": {
          "line": 56,
          "column": 16
        },
        "end": {
          "line": 59,
          "column": 22
        }
      },
      "20": {
        "start": {
          "line": 61,
          "column": 123
        },
        "end": {
          "line": 61,
          "column": 150
        }
      }
    },
    "fnMap": {
      "0": {
        "name": "(anonymous_0)",
        "decl": {
          "start": {
            "line": 16,
            "column": 26
          },
          "end": {
            "line": 16,
            "column": 27
          }
        },
        "loc": {
          "start": {
            "line": 16,
            "column": 80
          },
          "end": {
            "line": 64,
            "column": 1
          }
        },
        "line": 16
      },
      "1": {
        "name": "(anonymous_1)",
        "decl": {
          "start": {
            "line": 18,
            "column": 42
          },
          "end": {
            "line": 18,
            "column": 43
          }
        },
        "loc": {
          "start": {
            "line": 18,
            "column": 64
          },
          "end": {
            "line": 18,
            "column": 74
          }
        },
        "line": 18
      },
      "2": {
        "name": "(anonymous_2)",
        "decl": {
          "start": {
            "line": 21,
            "column": 14
          },
          "end": {
            "line": 21,
            "column": 15
          }
        },
        "loc": {
          "start": {
            "line": 21,
            "column": 20
          },
          "end": {
            "line": 23,
            "column": 5
          }
        },
        "line": 21
      },
      "3": {
        "name": "(anonymous_3)",
        "decl": {
          "start": {
            "line": 26,
            "column": 23
          },
          "end": {
            "line": 26,
            "column": 24
          }
        },
        "loc": {
          "start": {
            "line": 26,
            "column": 35
          },
          "end": {
            "line": 42,
            "column": 5
          }
        },
        "line": 26
      },
      "4": {
        "name": "(anonymous_4)",
        "decl": {
          "start": {
            "line": 37,
            "column": 18
          },
          "end": {
            "line": 37,
            "column": 19
          }
        },
        "loc": {
          "start": {
            "line": 37,
            "column": 30
          },
          "end": {
            "line": 37,
            "column": 45
          }
        },
        "line": 37
      },
      "5": {
        "name": "(anonymous_5)",
        "decl": {
          "start": {
            "line": 44,
            "column": 25
          },
          "end": {
            "line": 44,
            "column": 26
          }
        },
        "loc": {
          "start": {
            "line": 44,
            "column": 31
          },
          "end": {
            "line": 46,
            "column": 5
          }
        },
        "line": 44
      },
      "6": {
        "name": "(anonymous_6)",
        "decl": {
          "start": {
            "line": 55,
            "column": 20
          },
          "end": {
            "line": 55,
            "column": 21
          }
        },
        "loc": {
          "start": {
            "line": 56,
            "column": 16
          },
          "end": {
            "line": 59,
            "column": 22
          }
        },
        "line": 56
      },
      "7": {
        "name": "(anonymous_7)",
        "decl": {
          "start": {
            "line": 61,
            "column": 116
          },
          "end": {
            "line": 61,
            "column": 117
          }
        },
        "loc": {
          "start": {
            "line": 61,
            "column": 123
          },
          "end": {
            "line": 61,
            "column": 150
          }
        },
        "line": 61
      }
    },
    "branchMap": {},
    "s": {
      "0": 18,
      "1": 18,
      "2": 2656,
      "3": 2656,
      "4": 3759,
      "5": 2656,
      "6": 2656,
      "7": 803,
      "8": 2656,
      "9": 1,
      "10": 1,
      "11": 1,
      "12": 1,
      "13": 1,
      "14": 1,
      "15": 1,
      "16": 2656,
      "17": 1,
      "18": 2656,
      "19": 40,
      "20": 16
    },
    "f": {
      "0": 2656,
      "1": 3759,
      "2": 803,
      "3": 1,
      "4": 1,
      "5": 1,
      "6": 40,
      "7": 16
    },
    "b": {},
    "_coverageSchema": "1a1c01bbd47fc00a2c39e90264f33305004495a9",
    "hash": "1caecf8704b28be399cc432aac58f83696ecfffe"
  },
  "D:\\React\\INtern\\social-media\\src\\components\\ModalComments.tsx": {
    "path": "D:\\React\\INtern\\social-media\\src\\components\\ModalComments.tsx",
    "statementMap": {
      "0": {
        "start": {
          "line": 14,
          "column": 29
        },
        "end": {
          "line": 78,
          "column": 1
        }
      },
      "1": {
        "start": {
          "line": 16,
          "column": 42
        },
        "end": {
          "line": 16,
          "column": 66
        }
      },
      "2": {
        "start": {
          "line": 17,
          "column": 38
        },
        "end": {
          "line": 17,
          "column": 58
        }
      },
      "3": {
        "start": {
          "line": 19,
          "column": 30
        },
        "end": {
          "line": 19,
          "column": 75
        }
      },
      "4": {
        "start": {
          "line": 19,
          "column": 64
        },
        "end": {
          "line": 19,
          "column": 74
        }
      },
      "5": {
        "start": {
          "line": 20,
          "column": 21
        },
        "end": {
          "line": 20,
          "column": 47
        }
      },
      "6": {
        "start": {
          "line": 22,
          "column": 4
        },
        "end": {
          "line": 24,
          "column": 14
        }
      },
      "7": {
        "start": {
          "line": 23,
          "column": 8
        },
        "end": {
          "line": 23,
          "column": 38
        }
      },
      "8": {
        "start": {
          "line": 27,
          "column": 23
        },
        "end": {
          "line": 46,
          "column": 5
        }
      },
      "9": {
        "start": {
          "line": 28,
          "column": 8
        },
        "end": {
          "line": 28,
          "column": 37
        }
      },
      "10": {
        "start": {
          "line": 29,
          "column": 8
        },
        "end": {
          "line": 42,
          "column": 46
        }
      },
      "11": {
        "start": {
          "line": 42,
          "column": 30
        },
        "end": {
          "line": 42,
          "column": 45
        }
      },
      "12": {
        "start": {
          "line": 43,
          "column": 8
        },
        "end": {
          "line": 43,
          "column": 24
        }
      },
      "13": {
        "start": {
          "line": 44,
          "column": 8
        },
        "end": {
          "line": 44,
          "column": 30
        }
      },
      "14": {
        "start": {
          "line": 45,
          "column": 8
        },
        "end": {
          "line": 45,
          "column": 38
        }
      },
      "15": {
        "start": {
          "line": 49,
          "column": 25
        },
        "end": {
          "line": 51,
          "column": 5
        }
      },
      "16": {
        "start": {
          "line": 50,
          "column": 8
        },
        "end": {
          "line": 50,
          "column": 30
        }
      },
      "17": {
        "start": {
          "line": 54,
          "column": 4
        },
        "end": {
          "line": 77,
          "column": 5
        }
      },
      "18": {
        "start": {
          "line": 61,
          "column": 16
        },
        "end": {
          "line": 64,
          "column": 22
        }
      },
      "19": {
        "start": {
          "line": 67,
          "column": 16
        },
        "end": {
          "line": 71,
          "column": 22
        }
      },
      "20": {
        "start": {
          "line": 74,
          "column": 116
        },
        "end": {
          "line": 74,
          "column": 144
        }
      }
    },
    "fnMap": {
      "0": {
        "name": "(anonymous_0)",
        "decl": {
          "start": {
            "line": 14,
            "column": 29
          },
          "end": {
            "line": 14,
            "column": 30
          }
        },
        "loc": {
          "start": {
            "line": 14,
            "column": 83
          },
          "end": {
            "line": 78,
            "column": 1
          }
        },
        "line": 14
      },
      "1": {
        "name": "(anonymous_1)",
        "decl": {
          "start": {
            "line": 19,
            "column": 42
          },
          "end": {
            "line": 19,
            "column": 43
          }
        },
        "loc": {
          "start": {
            "line": 19,
            "column": 64
          },
          "end": {
            "line": 19,
            "column": 74
          }
        },
        "line": 19
      },
      "2": {
        "name": "(anonymous_2)",
        "decl": {
          "start": {
            "line": 22,
            "column": 14
          },
          "end": {
            "line": 22,
            "column": 15
          }
        },
        "loc": {
          "start": {
            "line": 22,
            "column": 20
          },
          "end": {
            "line": 24,
            "column": 5
          }
        },
        "line": 22
      },
      "3": {
        "name": "(anonymous_3)",
        "decl": {
          "start": {
            "line": 27,
            "column": 23
          },
          "end": {
            "line": 27,
            "column": 24
          }
        },
        "loc": {
          "start": {
            "line": 27,
            "column": 35
          },
          "end": {
            "line": 46,
            "column": 5
          }
        },
        "line": 27
      },
      "4": {
        "name": "(anonymous_4)",
        "decl": {
          "start": {
            "line": 42,
            "column": 18
          },
          "end": {
            "line": 42,
            "column": 19
          }
        },
        "loc": {
          "start": {
            "line": 42,
            "column": 30
          },
          "end": {
            "line": 42,
            "column": 45
          }
        },
        "line": 42
      },
      "5": {
        "name": "(anonymous_5)",
        "decl": {
          "start": {
            "line": 49,
            "column": 25
          },
          "end": {
            "line": 49,
            "column": 26
          }
        },
        "loc": {
          "start": {
            "line": 49,
            "column": 31
          },
          "end": {
            "line": 51,
            "column": 5
          }
        },
        "line": 49
      },
      "6": {
        "name": "(anonymous_6)",
        "decl": {
          "start": {
            "line": 60,
            "column": 20
          },
          "end": {
            "line": 60,
            "column": 21
          }
        },
        "loc": {
          "start": {
            "line": 61,
            "column": 16
          },
          "end": {
            "line": 64,
            "column": 22
          }
        },
        "line": 61
      },
      "7": {
        "name": "(anonymous_7)",
        "decl": {
          "start": {
            "line": 66,
            "column": 30
          },
          "end": {
            "line": 66,
            "column": 31
          }
        },
        "loc": {
          "start": {
            "line": 67,
            "column": 16
          },
          "end": {
            "line": 71,
            "column": 22
          }
        },
        "line": 67
      },
      "8": {
        "name": "(anonymous_8)",
        "decl": {
          "start": {
            "line": 74,
            "column": 109
          },
          "end": {
            "line": 74,
            "column": 110
          }
        },
        "loc": {
          "start": {
            "line": 74,
            "column": 116
          },
          "end": {
            "line": 74,
            "column": 144
          }
        },
        "line": 74
      }
    },
    "branchMap": {},
    "s": {
      "0": 18,
      "1": 2644,
      "2": 2644,
      "3": 2644,
      "4": 3747,
      "5": 2644,
      "6": 2644,
      "7": 803,
      "8": 2644,
      "9": 1,
      "10": 1,
      "11": 1,
      "12": 1,
      "13": 1,
      "14": 1,
      "15": 2644,
      "16": 1,
      "17": 2644,
      "18": 26,
      "19": 1160,
      "20": 7
    },
    "f": {
      "0": 2644,
      "1": 3747,
      "2": 803,
      "3": 1,
      "4": 1,
      "5": 1,
      "6": 26,
      "7": 1160,
      "8": 7
    },
    "b": {},
    "_coverageSchema": "1a1c01bbd47fc00a2c39e90264f33305004495a9",
    "hash": "27b1f514e7e2cc6234e0f810721ae650670dad4d"
  },
  "D:\\React\\INtern\\social-media\\src\\components\\DeletePopConfirm.tsx": {
    "path": "D:\\React\\INtern\\social-media\\src\\components\\DeletePopConfirm.tsx",
    "statementMap": {
      "0": {
        "start": {
          "line": 12,
          "column": 32
        },
        "end": {
          "line": 25,
          "column": 1
        }
      },
      "1": {
        "start": {
          "line": 13,
          "column": 4
        },
        "end": {
          "line": 24,
          "column": 5
        }
      },
      "2": {
        "start": {
          "line": 19,
          "column": 29
        },
        "end": {
          "line": 19,
          "column": 40
        }
      }
    },
    "fnMap": {
      "0": {
        "name": "(anonymous_0)",
        "decl": {
          "start": {
            "line": 12,
            "column": 32
          },
          "end": {
            "line": 12,
            "column": 33
          }
        },
        "loc": {
          "start": {
            "line": 12,
            "column": 92
          },
          "end": {
            "line": 25,
            "column": 1
          }
        },
        "line": 12
      },
      "1": {
        "name": "(anonymous_1)",
        "decl": {
          "start": {
            "line": 19,
            "column": 23
          },
          "end": {
            "line": 19,
            "column": 24
          }
        },
        "loc": {
          "start": {
            "line": 19,
            "column": 29
          },
          "end": {
            "line": 19,
            "column": 40
          }
        },
        "line": 19
      }
    },
    "branchMap": {
      "0": {
        "loc": {
          "start": {
            "line": 20,
            "column": 44
          },
          "end": {
            "line": 20,
            "column": 74
          }
        },
        "type": "cond-expr",
        "locations": [
          {
            "start": {
              "line": 20,
              "column": 54
            },
            "end": {
              "line": 20,
              "column": 69
            }
          },
          {
            "start": {
              "line": 20,
              "column": 72
            },
            "end": {
              "line": 20,
              "column": 74
            }
          }
        ],
        "line": 20
      },
      "1": {
        "loc": {
          "start": {
            "line": 22,
            "column": 99
          },
          "end": {
            "line": 22,
            "column": 126
          }
        },
        "type": "cond-expr",
        "locations": [
          {
            "start": {
              "line": 22,
              "column": 109
            },
            "end": {
              "line": 22,
              "column": 121
            }
          },
          {
            "start": {
              "line": 22,
              "column": 124
            },
            "end": {
              "line": 22,
              "column": 126
            }
          }
        ],
        "line": 22
      }
    },
    "s": {
      "0": 18,
      "1": 1074,
      "2": 1
    },
    "f": {
      "0": 1074,
      "1": 1
    },
    "b": {
      "0": [
        104,
        970
      ],
      "1": [
        104,
        970
      ]
    },
    "_coverageSchema": "1a1c01bbd47fc00a2c39e90264f33305004495a9",
    "hash": "03e8a779f969d0d4bbdfe36fa06837f9708b6fa1"
  },
  "D:\\React\\INtern\\social-media\\src\\components\\Card.tsx": {
    "path": "D:\\React\\INtern\\social-media\\src\\components\\Card.tsx",
    "statementMap": {
      "0": {
        "start": {
          "line": 49,
          "column": 20
        },
        "end": {
          "line": 137,
          "column": 1
        }
      },
      "1": {
        "start": {
          "line": 50,
          "column": 21
        },
        "end": {
          "line": 50,
          "column": 47
        }
      },
      "2": {
        "start": {
          "line": 51,
          "column": 17
        },
        "end": {
          "line": 51,
          "column": 67
        }
      },
      "3": {
        "start": {
          "line": 51,
          "column": 51
        },
        "end": {
          "line": 51,
          "column": 66
        }
      },
      "4": {
        "start": {
          "line": 52,
          "column": 52
        },
        "end": {
          "line": 52,
          "column": 76
        }
      },
      "5": {
        "start": {
          "line": 53,
          "column": 58
        },
        "end": {
          "line": 53,
          "column": 82
        }
      },
      "6": {
        "start": {
          "line": 57,
          "column": 21
        },
        "end": {
          "line": 70,
          "column": 5
        }
      },
      "7": {
        "start": {
          "line": 58,
          "column": 8
        },
        "end": {
          "line": 58,
          "column": 37
        }
      },
      "8": {
        "start": {
          "line": 59,
          "column": 8
        },
        "end": {
          "line": 67,
          "column": 46
        }
      },
      "9": {
        "start": {
          "line": 67,
          "column": 30
        },
        "end": {
          "line": 67,
          "column": 45
        }
      },
      "10": {
        "start": {
          "line": 68,
          "column": 8
        },
        "end": {
          "line": 68,
          "column": 30
        }
      },
      "11": {
        "start": {
          "line": 69,
          "column": 8
        },
        "end": {
          "line": 69,
          "column": 38
        }
      },
      "12": {
        "start": {
          "line": 74,
          "column": 23
        },
        "end": {
          "line": 87,
          "column": 5
        }
      },
      "13": {
        "start": {
          "line": 75,
          "column": 8
        },
        "end": {
          "line": 75,
          "column": 37
        }
      },
      "14": {
        "start": {
          "line": 76,
          "column": 8
        },
        "end": {
          "line": 84,
          "column": 46
        }
      },
      "15": {
        "start": {
          "line": 84,
          "column": 30
        },
        "end": {
          "line": 84,
          "column": 45
        }
      },
      "16": {
        "start": {
          "line": 85,
          "column": 8
        },
        "end": {
          "line": 85,
          "column": 30
        }
      },
      "17": {
        "start": {
          "line": 86,
          "column": 8
        },
        "end": {
          "line": 86,
          "column": 38
        }
      },
      "18": {
        "start": {
          "line": 89,
          "column": 22
        },
        "end": {
          "line": 115,
          "column": 5
        }
      },
      "19": {
        "start": {
          "line": 90,
          "column": 28
        },
        "end": {
          "line": 90,
          "column": 30
        }
      },
      "20": {
        "start": {
          "line": 91,
          "column": 8
        },
        "end": {
          "line": 102,
          "column": 174
        }
      },
      "21": {
        "start": {
          "line": 94,
          "column": 102
        },
        "end": {
          "line": 94,
          "column": 130
        }
      },
      "22": {
        "start": {
          "line": 95,
          "column": 102
        },
        "end": {
          "line": 95,
          "column": 126
        }
      },
      "23": {
        "start": {
          "line": 99,
          "column": 110
        },
        "end": {
          "line": 99,
          "column": 140
        }
      },
      "24": {
        "start": {
          "line": 100,
          "column": 110
        },
        "end": {
          "line": 100,
          "column": 138
        }
      },
      "25": {
        "start": {
          "line": 102,
          "column": 76
        },
        "end": {
          "line": 102,
          "column": 104
        }
      },
      "26": {
        "start": {
          "line": 104,
          "column": 8
        },
        "end": {
          "line": 113,
          "column": 9
        }
      },
      "27": {
        "start": {
          "line": 105,
          "column": 12
        },
        "end": {
          "line": 111,
          "column": 72
        }
      },
      "28": {
        "start": {
          "line": 106,
          "column": 102
        },
        "end": {
          "line": 106,
          "column": 127
        }
      },
      "29": {
        "start": {
          "line": 109,
          "column": 37
        },
        "end": {
          "line": 109,
          "column": 49
        }
      },
      "30": {
        "start": {
          "line": 114,
          "column": 8
        },
        "end": {
          "line": 114,
          "column": 28
        }
      },
      "31": {
        "start": {
          "line": 118,
          "column": 4
        },
        "end": {
          "line": 136,
          "column": 5
        }
      }
    },
    "fnMap": {
      "0": {
        "name": "(anonymous_0)",
        "decl": {
          "start": {
            "line": 49,
            "column": 20
          },
          "end": {
            "line": 49,
            "column": 21
          }
        },
        "loc": {
          "start": {
            "line": 49,
            "column": 82
          },
          "end": {
            "line": 137,
            "column": 1
          }
        },
        "line": 49
      },
      "1": {
        "name": "(anonymous_1)",
        "decl": {
          "start": {
            "line": 51,
            "column": 29
          },
          "end": {
            "line": 51,
            "column": 30
          }
        },
        "loc": {
          "start": {
            "line": 51,
            "column": 51
          },
          "end": {
            "line": 51,
            "column": 66
          }
        },
        "line": 51
      },
      "2": {
        "name": "(anonymous_2)",
        "decl": {
          "start": {
            "line": 57,
            "column": 21
          },
          "end": {
            "line": 57,
            "column": 22
          }
        },
        "loc": {
          "start": {
            "line": 57,
            "column": 63
          },
          "end": {
            "line": 70,
            "column": 5
          }
        },
        "line": 57
      },
      "3": {
        "name": "(anonymous_3)",
        "decl": {
          "start": {
            "line": 67,
            "column": 18
          },
          "end": {
            "line": 67,
            "column": 19
          }
        },
        "loc": {
          "start": {
            "line": 67,
            "column": 30
          },
          "end": {
            "line": 67,
            "column": 45
          }
        },
        "line": 67
      },
      "4": {
        "name": "(anonymous_4)",
        "decl": {
          "start": {
            "line": 74,
            "column": 23
          },
          "end": {
            "line": 74,
            "column": 24
          }
        },
        "loc": {
          "start": {
            "line": 74,
            "column": 35
          },
          "end": {
            "line": 87,
            "column": 5
          }
        },
        "line": 74
      },
      "5": {
        "name": "(anonymous_5)",
        "decl": {
          "start": {
            "line": 84,
            "column": 18
          },
          "end": {
            "line": 84,
            "column": 19
          }
        },
        "loc": {
          "start": {
            "line": 84,
            "column": 30
          },
          "end": {
            "line": 84,
            "column": 45
          }
        },
        "line": 84
      },
      "6": {
        "name": "(anonymous_6)",
        "decl": {
          "start": {
            "line": 89,
            "column": 22
          },
          "end": {
            "line": 89,
            "column": 23
          }
        },
        "loc": {
          "start": {
            "line": 89,
            "column": 28
          },
          "end": {
            "line": 115,
            "column": 5
          }
        },
        "line": 89
      },
      "7": {
        "name": "(anonymous_7)",
        "decl": {
          "start": {
            "line": 94,
            "column": 96
          },
          "end": {
            "line": 94,
            "column": 97
          }
        },
        "loc": {
          "start": {
            "line": 94,
            "column": 102
          },
          "end": {
            "line": 94,
            "column": 130
          }
        },
        "line": 94
      },
      "8": {
        "name": "(anonymous_8)",
        "decl": {
          "start": {
            "line": 95,
            "column": 96
          },
          "end": {
            "line": 95,
            "column": 97
          }
        },
        "loc": {
          "start": {
            "line": 95,
            "column": 102
          },
          "end": {
            "line": 95,
            "column": 126
          }
        },
        "line": 95
      },
      "9": {
        "name": "(anonymous_9)",
        "decl": {
          "start": {
            "line": 99,
            "column": 104
          },
          "end": {
            "line": 99,
            "column": 105
          }
        },
        "loc": {
          "start": {
            "line": 99,
            "column": 110
          },
          "end": {
            "line": 99,
            "column": 140
          }
        },
        "line": 99
      },
      "10": {
        "name": "(anonymous_10)",
        "decl": {
          "start": {
            "line": 100,
            "column": 104
          },
          "end": {
            "line": 100,
            "column": 105
          }
        },
        "loc": {
          "start": {
            "line": 100,
            "column": 110
          },
          "end": {
            "line": 100,
            "column": 138
          }
        },
        "line": 100
      },
      "11": {
        "name": "(anonymous_11)",
        "decl": {
          "start": {
            "line": 102,
            "column": 70
          },
          "end": {
            "line": 102,
            "column": 71
          }
        },
        "loc": {
          "start": {
            "line": 102,
            "column": 76
          },
          "end": {
            "line": 102,
            "column": 104
          }
        },
        "line": 102
      },
      "12": {
        "name": "(anonymous_12)",
        "decl": {
          "start": {
            "line": 106,
            "column": 96
          },
          "end": {
            "line": 106,
            "column": 97
          }
        },
        "loc": {
          "start": {
            "line": 106,
            "column": 102
          },
          "end": {
            "line": 106,
            "column": 127
          }
        },
        "line": 106
      },
      "13": {
        "name": "(anonymous_13)",
        "decl": {
          "start": {
            "line": 109,
            "column": 31
          },
          "end": {
            "line": 109,
            "column": 32
          }
        },
        "loc": {
          "start": {
            "line": 109,
            "column": 37
          },
          "end": {
            "line": 109,
            "column": 49
          }
        },
        "line": 109
      }
    },
    "branchMap": {
      "0": {
        "loc": {
          "start": {
            "line": 93,
            "column": 17
          },
          "end": {
            "line": 95,
            "column": 130
          }
        },
        "type": "cond-expr",
        "locations": [
          {
            "start": {
              "line": 94,
              "column": 20
            },
            "end": {
              "line": 94,
              "column": 134
            }
          },
          {
            "start": {
              "line": 95,
              "column": 20
            },
            "end": {
              "line": 95,
              "column": 130
            }
          }
        ],
        "line": 93
      },
      "1": {
        "loc": {
          "start": {
            "line": 94,
            "column": 45
          },
          "end": {
            "line": 94,
            "column": 72
          }
        },
        "type": "cond-expr",
        "locations": [
          {
            "start": {
              "line": 94,
              "column": 55
            },
            "end": {
              "line": 94,
              "column": 67
            }
          },
          {
            "start": {
              "line": 94,
              "column": 70
            },
            "end": {
              "line": 94,
              "column": 72
            }
          }
        ],
        "line": 94
      },
      "2": {
        "loc": {
          "start": {
            "line": 95,
            "column": 47
          },
          "end": {
            "line": 95,
            "column": 72
          }
        },
        "type": "cond-expr",
        "locations": [
          {
            "start": {
              "line": 95,
              "column": 57
            },
            "end": {
              "line": 95,
              "column": 67
            }
          },
          {
            "start": {
              "line": 95,
              "column": 70
            },
            "end": {
              "line": 95,
              "column": 72
            }
          }
        ],
        "line": 95
      },
      "3": {
        "loc": {
          "start": {
            "line": 98,
            "column": 17
          },
          "end": {
            "line": 100,
            "column": 142
          }
        },
        "type": "cond-expr",
        "locations": [
          {
            "start": {
              "line": 99,
              "column": 20
            },
            "end": {
              "line": 99,
              "column": 144
            }
          },
          {
            "start": {
              "line": 100,
              "column": 20
            },
            "end": {
              "line": 100,
              "column": 142
            }
          }
        ],
        "line": 98
      },
      "4": {
        "loc": {
          "start": {
            "line": 99,
            "column": 45
          },
          "end": {
            "line": 99,
            "column": 76
          }
        },
        "type": "cond-expr",
        "locations": [
          {
            "start": {
              "line": 99,
              "column": 55
            },
            "end": {
              "line": 99,
              "column": 71
            }
          },
          {
            "start": {
              "line": 99,
              "column": 74
            },
            "end": {
              "line": 99,
              "column": 76
            }
          }
        ],
        "line": 99
      },
      "5": {
        "loc": {
          "start": {
            "line": 100,
            "column": 47
          },
          "end": {
            "line": 100,
            "column": 76
          }
        },
        "type": "cond-expr",
        "locations": [
          {
            "start": {
              "line": 100,
              "column": 57
            },
            "end": {
              "line": 100,
              "column": 71
            }
          },
          {
            "start": {
              "line": 100,
              "column": 74
            },
            "end": {
              "line": 100,
              "column": 76
            }
          }
        ],
        "line": 100
      },
      "6": {
        "loc": {
          "start": {
            "line": 102,
            "column": 30
          },
          "end": {
            "line": 102,
            "column": 59
          }
        },
        "type": "cond-expr",
        "locations": [
          {
            "start": {
              "line": 102,
              "column": 40
            },
            "end": {
              "line": 102,
              "column": 54
            }
          },
          {
            "start": {
              "line": 102,
              "column": 57
            },
            "end": {
              "line": 102,
              "column": 59
            }
          }
        ],
        "line": 102
      },
      "7": {
        "loc": {
          "start": {
            "line": 104,
            "column": 8
          },
          "end": {
            "line": 113,
            "column": 9
          }
        },
        "type": "if",
        "locations": [
          {
            "start": {
              "line": 104,
              "column": 8
            },
            "end": {
              "line": 113,
              "column": 9
            }
          },
          {
            "start": {
              "line": 104,
              "column": 8
            },
            "end": {
              "line": 113,
              "column": 9
            }
          }
        ],
        "line": 104
      },
      "8": {
        "loc": {
          "start": {
            "line": 106,
            "column": 43
          },
          "end": {
            "line": 106,
            "column": 70
          }
        },
        "type": "cond-expr",
        "locations": [
          {
            "start": {
              "line": 106,
              "column": 53
            },
            "end": {
              "line": 106,
              "column": 65
            }
          },
          {
            "start": {
              "line": 106,
              "column": 68
            },
            "end": {
              "line": 106,
              "column": 70
            }
          }
        ],
        "line": 106
      },
      "9": {
        "loc": {
          "start": {
            "line": 108,
            "column": 29
          },
          "end": {
            "line": 108,
            "column": 51
          }
        },
        "type": "cond-expr",
        "locations": [
          {
            "start": {
              "line": 108,
              "column": 39
            },
            "end": {
              "line": 108,
              "column": 43
            }
          },
          {
            "start": {
              "line": 108,
              "column": 46
            },
            "end": {
              "line": 108,
              "column": 51
            }
          }
        ],
        "line": 108
      }
    },
    "s": {
      "0": 18,
      "1": 1838,
      "2": 1838,
      "3": 2941,
      "4": 1838,
      "5": 1838,
      "6": 1838,
      "7": 4,
      "8": 4,
      "9": 4,
      "10": 4,
      "11": 4,
      "12": 1838,
      "13": 1,
      "14": 1,
      "15": 1,
      "16": 1,
      "17": 1,
      "18": 1838,
      "19": 1838,
      "20": 1838,
      "21": 1,
      "22": 1,
      "23": 1,
      "24": 1,
      "25": 1,
      "26": 1838,
      "27": 1074,
      "28": 2,
      "29": 1,
      "30": 1838,
      "31": 1838
    },
    "f": {
      "0": 1838,
      "1": 2941,
      "2": 4,
      "3": 4,
      "4": 1,
      "5": 1,
      "6": 1838,
      "7": 1,
      "8": 1,
      "9": 1,
      "10": 1,
      "11": 1,
      "12": 2,
      "13": 1
    },
    "b": {
      "0": [
        118,
        1720
      ],
      "1": [
        12,
        106
      ],
      "2": [
        92,
        1628
      ],
      "3": [
        118,
        1720
      ],
      "4": [
        12,
        106
      ],
      "5": [
        92,
        1628
      ],
      "6": [
        104,
        1734
      ],
      "7": [
        1074,
        764
      ],
      "8": [
        104,
        970
      ],
      "9": [
        104,
        970
      ]
    },
    "_coverageSchema": "1a1c01bbd47fc00a2c39e90264f33305004495a9",
    "hash": "6abce42be331924efb64057b038f3c56444d30cb"
  },
  "D:\\React\\INtern\\social-media\\src\\pages\\Home.tsx": {
    "path": "D:\\React\\INtern\\social-media\\src\\pages\\Home.tsx",
    "statementMap": {
      "0": {
        "start": {
          "line": 10,
          "column": 19
        },
        "end": {
          "line": 10,
          "column": 24
        }
      },
      "1": {
        "start": {
          "line": 12,
          "column": 20
        },
        "end": {
          "line": 61,
          "column": 1
        }
      },
      "2": {
        "start": {
          "line": 13,
          "column": 36
        },
        "end": {
          "line": 13,
          "column": 56
        }
      },
      "3": {
        "start": {
          "line": 14,
          "column": 28
        },
        "end": {
          "line": 14,
          "column": 73
        }
      },
      "4": {
        "start": {
          "line": 14,
          "column": 62
        },
        "end": {
          "line": 14,
          "column": 72
        }
      },
      "5": {
        "start": {
          "line": 15,
          "column": 21
        },
        "end": {
          "line": 15,
          "column": 47
        }
      },
      "6": {
        "start": {
          "line": 16,
          "column": 21
        },
        "end": {
          "line": 16,
          "column": 34
        }
      },
      "7": {
        "start": {
          "line": 18,
          "column": 4
        },
        "end": {
          "line": 21,
          "column": 10
        }
      },
      "8": {
        "start": {
          "line": 19,
          "column": 8
        },
        "end": {
          "line": 20,
          "column": 35
        }
      },
      "9": {
        "start": {
          "line": 19,
          "column": 29
        },
        "end": {
          "line": 19,
          "column": 48
        }
      },
      "10": {
        "start": {
          "line": 20,
          "column": 13
        },
        "end": {
          "line": 20,
          "column": 35
        }
      },
      "11": {
        "start": {
          "line": 24,
          "column": 23
        },
        "end": {
          "line": 44,
          "column": 5
        }
      },
      "12": {
        "start": {
          "line": 25,
          "column": 8
        },
        "end": {
          "line": 25,
          "column": 37
        }
      },
      "13": {
        "start": {
          "line": 26,
          "column": 8
        },
        "end": {
          "line": 42,
          "column": 69
        }
      },
      "14": {
        "start": {
          "line": 36,
          "column": 16
        },
        "end": {
          "line": 40,
          "column": 17
        }
      },
      "15": {
        "start": {
          "line": 37,
          "column": 20
        },
        "end": {
          "line": 37,
          "column": 35
        }
      },
      "16": {
        "start": {
          "line": 38,
          "column": 20
        },
        "end": {
          "line": 38,
          "column": 55
        }
      },
      "17": {
        "start": {
          "line": 39,
          "column": 20
        },
        "end": {
          "line": 39,
          "column": 42
        }
      },
      "18": {
        "start": {
          "line": 42,
          "column": 28
        },
        "end": {
          "line": 42,
          "column": 68
        }
      },
      "19": {
        "start": {
          "line": 43,
          "column": 8
        },
        "end": {
          "line": 43,
          "column": 38
        }
      },
      "20": {
        "start": {
          "line": 46,
          "column": 4
        },
        "end": {
          "line": 60,
          "column": 5
        }
      },
      "21": {
        "start": {
          "line": 51,
          "column": 130
        },
        "end": {
          "line": 51,
          "column": 157
        }
      },
      "22": {
        "start": {
          "line": 56,
          "column": 20
        },
        "end": {
          "line": 56,
          "column": 88
        }
      }
    },
    "fnMap": {
      "0": {
        "name": "(anonymous_0)",
        "decl": {
          "start": {
            "line": 12,
            "column": 20
          },
          "end": {
            "line": 12,
            "column": 21
          }
        },
        "loc": {
          "start": {
            "line": 12,
            "column": 26
          },
          "end": {
            "line": 61,
            "column": 1
          }
        },
        "line": 12
      },
      "1": {
        "name": "(anonymous_1)",
        "decl": {
          "start": {
            "line": 14,
            "column": 40
          },
          "end": {
            "line": 14,
            "column": 41
          }
        },
        "loc": {
          "start": {
            "line": 14,
            "column": 62
          },
          "end": {
            "line": 14,
            "column": 72
          }
        },
        "line": 14
      },
      "2": {
        "name": "(anonymous_2)",
        "decl": {
          "start": {
            "line": 18,
            "column": 14
          },
          "end": {
            "line": 18,
            "column": 15
          }
        },
        "loc": {
          "start": {
            "line": 18,
            "column": 20
          },
          "end": {
            "line": 21,
            "column": 5
          }
        },
        "line": 18
      },
      "3": {
        "name": "(anonymous_3)",
        "decl": {
          "start": {
            "line": 24,
            "column": 23
          },
          "end": {
            "line": 24,
            "column": 24
          }
        },
        "loc": {
          "start": {
            "line": 24,
            "column": 35
          },
          "end": {
            "line": 44,
            "column": 5
          }
        },
        "line": 24
      },
      "4": {
        "name": "(anonymous_4)",
        "decl": {
          "start": {
            "line": 35,
            "column": 18
          },
          "end": {
            "line": 35,
            "column": 19
          }
        },
        "loc": {
          "start": {
            "line": 35,
            "column": 30
          },
          "end": {
            "line": 41,
            "column": 13
          }
        },
        "line": 35
      },
      "5": {
        "name": "(anonymous_5)",
        "decl": {
          "start": {
            "line": 42,
            "column": 19
          },
          "end": {
            "line": 42,
            "column": 20
          }
        },
        "loc": {
          "start": {
            "line": 42,
            "column": 28
          },
          "end": {
            "line": 42,
            "column": 68
          }
        },
        "line": 42
      },
      "6": {
        "name": "(anonymous_6)",
        "decl": {
          "start": {
            "line": 51,
            "column": 123
          },
          "end": {
            "line": 51,
            "column": 124
          }
        },
        "loc": {
          "start": {
            "line": 51,
            "column": 130
          },
          "end": {
            "line": 51,
            "column": 157
          }
        },
        "line": 51
      },
      "7": {
        "name": "(anonymous_7)",
        "decl": {
          "start": {
            "line": 55,
            "column": 28
          },
          "end": {
            "line": 55,
            "column": 29
          }
        },
        "loc": {
          "start": {
            "line": 56,
            "column": 20
          },
          "end": {
            "line": 56,
            "column": 88
          }
        },
        "line": 56
      }
    },
    "branchMap": {
      "0": {
        "loc": {
          "start": {
            "line": 19,
            "column": 8
          },
          "end": {
            "line": 20,
            "column": 35
          }
        },
        "type": "if",
        "locations": [
          {
            "start": {
              "line": 19,
              "column": 8
            },
            "end": {
              "line": 20,
              "column": 35
            }
          },
          {
            "start": {
              "line": 19,
              "column": 8
            },
            "end": {
              "line": 20,
              "column": 35
            }
          }
        ],
        "line": 19
      },
      "1": {
        "loc": {
          "start": {
            "line": 36,
            "column": 16
          },
          "end": {
            "line": 40,
            "column": 17
          }
        },
        "type": "if",
        "locations": [
          {
            "start": {
              "line": 36,
              "column": 16
            },
            "end": {
              "line": 40,
              "column": 17
            }
          },
          {
            "start": {
              "line": 36,
              "column": 16
            },
            "end": {
              "line": 40,
              "column": 17
            }
          }
        ],
        "line": 36
      },
      "2": {
        "loc": {
          "start": {
            "line": 54,
            "column": 13
          },
          "end": {
            "line": 58,
            "column": 81
          }
        },
        "type": "cond-expr",
        "locations": [
          {
            "start": {
              "line": 54,
              "column": 29
            },
            "end": {
              "line": 58,
              "column": 19
            }
          },
          {
            "start": {
              "line": 58,
              "column": 22
            },
            "end": {
              "line": 58,
              "column": 81
            }
          }
        ],
        "line": 54
      },
      "3": {
        "loc": {
          "start": {
            "line": 56,
            "column": 59
          },
          "end": {
            "line": 56,
            "column": 84
          }
        },
        "type": "cond-expr",
        "locations": [
          {
            "start": {
              "line": 56,
              "column": 72
            },
            "end": {
              "line": 56,
              "column": 76
            }
          },
          {
            "start": {
              "line": 56,
              "column": 79
            },
            "end": {
              "line": 56,
              "column": 84
            }
          }
        ],
        "line": 56
      }
    },
    "s": {
      "0": 18,
      "1": 18,
      "2": 186,
      "3": 186,
      "4": 298,
      "5": 186,
      "6": 186,
      "7": 186,
      "8": 48,
      "9": 18,
      "10": 30,
      "11": 186,
      "12": 1,
      "13": 1,
      "14": 1,
      "15": 1,
      "16": 1,
      "17": 1,
      "18": 0,
      "19": 1,
      "20": 186,
      "21": 13,
      "22": 1798
    },
    "f": {
      "0": 186,
      "1": 298,
      "2": 48,
      "3": 1,
      "4": 1,
      "5": 0,
      "6": 13,
      "7": 1798
    },
    "b": {
      "0": [
        18,
        30
      ],
      "1": [
        1,
        0
      ],
      "2": [
        92,
        94
      ],
      "3": [
        92,
        1706
      ]
    },
    "_coverageSchema": "1a1c01bbd47fc00a2c39e90264f33305004495a9",
    "hash": "d07d6f1895c0d60e34a567f20e42d0d1e3f63f57"
  },
  "D:\\React\\INtern\\social-media\\src\\pages\\Likes.tsx": {
    "path": "D:\\React\\INtern\\social-media\\src\\pages\\Likes.tsx",
    "statementMap": {
      "0": {
        "start": {
          "line": 9,
          "column": 21
        },
        "end": {
          "line": 34,
          "column": 1
        }
      },
      "1": {
        "start": {
          "line": 10,
          "column": 17
        },
        "end": {
          "line": 10,
          "column": 67
        }
      },
      "2": {
        "start": {
          "line": 10,
          "column": 51
        },
        "end": {
          "line": 10,
          "column": 66
        }
      },
      "3": {
        "start": {
          "line": 11,
          "column": 21
        },
        "end": {
          "line": 11,
          "column": 72
        }
      },
      "4": {
        "start": {
          "line": 11,
          "column": 55
        },
        "end": {
          "line": 11,
          "column": 71
        }
      },
      "5": {
        "start": {
          "line": 12,
          "column": 30
        },
        "end": {
          "line": 12,
          "column": 115
        }
      },
      "6": {
        "start": {
          "line": 12,
          "column": 85
        },
        "end": {
          "line": 12,
          "column": 113
        }
      },
      "7": {
        "start": {
          "line": 14,
          "column": 21
        },
        "end": {
          "line": 14,
          "column": 47
        }
      },
      "8": {
        "start": {
          "line": 16,
          "column": 4
        },
        "end": {
          "line": 18,
          "column": 10
        }
      },
      "9": {
        "start": {
          "line": 17,
          "column": 8
        },
        "end": {
          "line": 17,
          "column": 30
        }
      },
      "10": {
        "start": {
          "line": 20,
          "column": 4
        },
        "end": {
          "line": 22,
          "column": 18
        }
      },
      "11": {
        "start": {
          "line": 21,
          "column": 8
        },
        "end": {
          "line": 21,
          "column": 69
        }
      },
      "12": {
        "start": {
          "line": 21,
          "column": 39
        },
        "end": {
          "line": 21,
          "column": 67
        }
      },
      "13": {
        "start": {
          "line": 25,
          "column": 4
        },
        "end": {
          "line": 32,
          "column": 55
        }
      },
      "14": {
        "start": {
          "line": 28,
          "column": 16
        },
        "end": {
          "line": 28,
          "column": 48
        }
      }
    },
    "fnMap": {
      "0": {
        "name": "(anonymous_0)",
        "decl": {
          "start": {
            "line": 9,
            "column": 21
          },
          "end": {
            "line": 9,
            "column": 22
          }
        },
        "loc": {
          "start": {
            "line": 9,
            "column": 27
          },
          "end": {
            "line": 34,
            "column": 1
          }
        },
        "line": 9
      },
      "1": {
        "name": "(anonymous_1)",
        "decl": {
          "start": {
            "line": 10,
            "column": 29
          },
          "end": {
            "line": 10,
            "column": 30
          }
        },
        "loc": {
          "start": {
            "line": 10,
            "column": 51
          },
          "end": {
            "line": 10,
            "column": 66
          }
        },
        "line": 10
      },
      "2": {
        "name": "(anonymous_2)",
        "decl": {
          "start": {
            "line": 11,
            "column": 33
          },
          "end": {
            "line": 11,
            "column": 34
          }
        },
        "loc": {
          "start": {
            "line": 11,
            "column": 55
          },
          "end": {
            "line": 11,
            "column": 71
          }
        },
        "line": 11
      },
      "3": {
        "name": "(anonymous_3)",
        "decl": {
          "start": {
            "line": 12,
            "column": 67
          },
          "end": {
            "line": 12,
            "column": 68
          }
        },
        "loc": {
          "start": {
            "line": 12,
            "column": 85
          },
          "end": {
            "line": 12,
            "column": 113
          }
        },
        "line": 12
      },
      "4": {
        "name": "(anonymous_4)",
        "decl": {
          "start": {
            "line": 16,
            "column": 14
          },
          "end": {
            "line": 16,
            "column": 15
          }
        },
        "loc": {
          "start": {
            "line": 16,
            "column": 20
          },
          "end": {
            "line": 18,
            "column": 5
          }
        },
        "line": 16
      },
      "5": {
        "name": "(anonymous_5)",
        "decl": {
          "start": {
            "line": 20,
            "column": 14
          },
          "end": {
            "line": 20,
            "column": 15
          }
        },
        "loc": {
          "start": {
            "line": 20,
            "column": 20
          },
          "end": {
            "line": 22,
            "column": 5
          }
        },
        "line": 20
      },
      "6": {
        "name": "(anonymous_6)",
        "decl": {
          "start": {
            "line": 21,
            "column": 33
          },
          "end": {
            "line": 21,
            "column": 34
          }
        },
        "loc": {
          "start": {
            "line": 21,
            "column": 39
          },
          "end": {
            "line": 21,
            "column": 67
          }
        },
        "line": 21
      },
      "7": {
        "name": "(anonymous_7)",
        "decl": {
          "start": {
            "line": 27,
            "column": 24
          },
          "end": {
            "line": 27,
            "column": 25
          }
        },
        "loc": {
          "start": {
            "line": 28,
            "column": 16
          },
          "end": {
            "line": 28,
            "column": 48
          }
        },
        "line": 28
      }
    },
    "branchMap": {
      "0": {
        "loc": {
          "start": {
            "line": 25,
            "column": 11
          },
          "end": {
            "line": 32,
            "column": 55
          }
        },
        "type": "cond-expr",
        "locations": [
          {
            "start": {
              "line": 26,
              "column": 8
            },
            "end": {
              "line": 30,
              "column": 15
            }
          },
          {
            "start": {
              "line": 32,
              "column": 10
            },
            "end": {
              "line": 32,
              "column": 55
            }
          }
        ],
        "line": 25
      }
    },
    "s": {
      "0": 18,
      "1": 20,
      "2": 26,
      "3": 20,
      "4": 26,
      "5": 20,
      "6": 304,
      "7": 20,
      "8": 20,
      "9": 2,
      "10": 20,
      "11": 6,
      "12": 76,
      "13": 20,
      "14": 14
    },
    "f": {
      "0": 20,
      "1": 26,
      "2": 26,
      "3": 304,
      "4": 2,
      "5": 6,
      "6": 76,
      "7": 14
    },
    "b": {
      "0": [
        14,
        6
      ]
    },
    "_coverageSchema": "1a1c01bbd47fc00a2c39e90264f33305004495a9",
    "hash": "10beaf51f8010bb4b63fa2616a310ab03d29eec9"
  },
  "D:\\React\\INtern\\social-media\\src\\pages\\Bookmark.tsx": {
    "path": "D:\\React\\INtern\\social-media\\src\\pages\\Bookmark.tsx",
    "statementMap": {
      "0": {
        "start": {
          "line": 8,
          "column": 24
        },
        "end": {
          "line": 32,
          "column": 1
        }
      },
      "1": {
        "start": {
          "line": 9,
          "column": 17
        },
        "end": {
          "line": 9,
          "column": 67
        }
      },
      "2": {
        "start": {
          "line": 9,
          "column": 51
        },
        "end": {
          "line": 9,
          "column": 66
        }
      },
      "3": {
        "start": {
          "line": 10,
          "column": 21
        },
        "end": {
          "line": 10,
          "column": 72
        }
      },
      "4": {
        "start": {
          "line": 10,
          "column": 55
        },
        "end": {
          "line": 10,
          "column": 71
        }
      },
      "5": {
        "start": {
          "line": 11,
          "column": 30
        },
        "end": {
          "line": 11,
          "column": 115
        }
      },
      "6": {
        "start": {
          "line": 11,
          "column": 85
        },
        "end": {
          "line": 11,
          "column": 113
        }
      },
      "7": {
        "start": {
          "line": 13,
          "column": 21
        },
        "end": {
          "line": 13,
          "column": 47
        }
      },
      "8": {
        "start": {
          "line": 15,
          "column": 4
        },
        "end": {
          "line": 17,
          "column": 10
        }
      },
      "9": {
        "start": {
          "line": 16,
          "column": 8
        },
        "end": {
          "line": 16,
          "column": 30
        }
      },
      "10": {
        "start": {
          "line": 19,
          "column": 4
        },
        "end": {
          "line": 21,
          "column": 18
        }
      },
      "11": {
        "start": {
          "line": 20,
          "column": 8
        },
        "end": {
          "line": 20,
          "column": 73
        }
      },
      "12": {
        "start": {
          "line": 20,
          "column": 39
        },
        "end": {
          "line": 20,
          "column": 71
        }
      },
      "13": {
        "start": {
          "line": 23,
          "column": 4
        },
        "end": {
          "line": 30,
          "column": 57
        }
      },
      "14": {
        "start": {
          "line": 26,
          "column": 16
        },
        "end": {
          "line": 26,
          "column": 48
        }
      }
    },
    "fnMap": {
      "0": {
        "name": "(anonymous_0)",
        "decl": {
          "start": {
            "line": 8,
            "column": 24
          },
          "end": {
            "line": 8,
            "column": 25
          }
        },
        "loc": {
          "start": {
            "line": 8,
            "column": 30
          },
          "end": {
            "line": 32,
            "column": 1
          }
        },
        "line": 8
      },
[...]
        },
        "loc": {
          "start": {
            "line": 43,
            "column": 26
          },
          "end": {
            "line": 52,
            "column": 13
          }
        },
        "line": 43
      },
      "6": {
        "name": "(anonymous_6)",
        "decl": {
          "start": {
            "line": 87,
            "column": 39
          },
          "end": {
            "line": 87,
            "column": 40
          }
        },
        "loc": {
          "start": {
            "line": 87,
            "column": 45
          },
          "end": {
            "line": 87,
            "column": 65
          }
        },
        "line": 87
      }
    },
    "branchMap": {
      "0": {
        "loc": {
          "start": {
            "line": 21,
            "column": 8
          },
          "end": {
            "line": 23,
            "column": 9
          }
        },
        "type": "if",
        "locations": [
          {
            "start": {
              "line": 21,
              "column": 8
            },
            "end": {
              "line": 23,
              "column": 9
            }
          },
          {
            "start": {
              "line": 21,
              "column": 8
            },
            "end": {
              "line": 23,
              "column": 9
            }
          }
        ],
        "line": 21
      },
      "1": {
        "loc": {
          "start": {
            "line": 44,
            "column": 16
          },
          "end": {
            "line": 51,
            "column": 17
          }
        },
        "type": "if",
        "locations": [
          {
            "start": {
              "line": 44,
              "column": 16
            },
            "end": {
              "line": 51,
              "column": 17
            }
          },
          {
            "start": {
              "line": 44,
              "column": 16
            },
            "end": {
              "line": 51,
              "column": 17
            }
          }
        ],
        "line": 44
      }
    },
    "s": {
      "0": 18,
      "1": 82,
      "2": 82,
      "3": 82,
      "4": 140,
      "5": 82,
      "6": 34,
      "7": 18,
      "8": 82,
      "9": 8,
      "10": 8,
      "11": 8,
      "12": 8,
      "13": 8,
      "14": 8,
      "15": 8,
      "16": 8,
      "17": 0,
      "18": 8,
      "19": 82,
      "20": 0
    },
    "f": {
      "0": 82,
      "1": 140,
      "2": 34,
      "3": 8,
      "4": 8,
      "5": 8,
      "6": 0
    },
    "b": {
      "0": [
        18,
        16
      ],
      "1": [
        8,
        0
      ]
    },
    "_coverageSchema": "1a1c01bbd47fc00a2c39e90264f33305004495a9",
    "hash": "5ee92bafd37eefc91799bd5f0236c126424292a3"
  },
  "D:\\React\\INtern\\social-media\\src\\pages\\SignUp.tsx": {
    "path": "D:\\React\\INtern\\social-media\\src\\pages\\SignUp.tsx",
    "statementMap": {
      "0": {
        "start": {
          "line": 18,
          "column": 22
        },
        "end": {
          "line": 169,
          "column": 1
        }
      },
      "1": {
        "start": {
          "line": 19,
          "column": 21
        },
        "end": {
          "line": 19,
          "column": 34
        }
      },
      "2": {
        "start": {
          "line": 20,
          "column": 21
        },
        "end": {
          "line": 20,
          "column": 34
        }
      },
      "3": {
        "start": {
          "line": 21,
          "column": 17
        },
        "end": {
          "line": 21,
          "column": 67
        }
      },
      "4": {
        "start": {
          "line": 21,
          "column": 51
        },
        "end": {
          "line": 21,
          "column": 66
        }
      },
      "5": {
        "start": {
          "line": 23,
          "column": 4
        },
        "end": {
          "line": 27,
          "column": 10
        }
      },
      "6": {
        "start": {
          "line": 24,
          "column": 8
        },
        "end": {
          "line": 26,
          "column": 9
        }
      },
      "7": {
        "start": {
          "line": 25,
          "column": 12
        },
        "end": {
          "line": 25,
          "column": 25
        }
      },
      "8": {
        "start": {
          "line": 30,
          "column": 21
        },
        "end": {
          "line": 61,
          "column": 5
        }
      },
      "9": {
        "start": {
          "line": 31,
          "column": 18
        },
        "end": {
          "line": 37,
          "column": 9
        }
      },
      "10": {
        "start": {
          "line": 38,
          "column": 8
        },
        "end": {
          "line": 38,
          "column": 37
        }
      },
      "11": {
        "start": {
          "line": 39,
          "column": 8
        },
        "end": {
          "line": 59,
          "column": 47
        }
      },
      "12": {
        "start": {
          "line": 48,
          "column": 30
        },
        "end": {
          "line": 48,
          "column": 45
        }
      },
      "13": {
        "start": {
          "line": 50,
          "column": 16
        },
        "end": {
          "line": 57,
          "column": 17
        }
      },
      "14": {
        "start": {
          "line": 51,
          "column": 20
        },
        "end": {
          "line": 51,
          "column": 62
        }
      },
      "15": {
        "start": {
          "line": 52,
          "column": 20
        },
        "end": {
          "line": 52,
          "column": 53
        }
      },
      "16": {
        "start": {
          "line": 53,
          "column": 20
        },
        "end": {
          "line": 53,
          "column": 33
        }
      },
      "17": {
        "start": {
          "line": 56,
          "column": 20
        },
        "end": {
          "line": 56,
          "column": 59
        }
      },
      "18": {
        "start": {
          "line": 59,
          "column": 28
        },
        "end": {
          "line": 59,
          "column": 46
        }
      },
      "19": {
        "start": {
          "line": 60,
          "column": 8
        },
        "end": {
          "line": 60,
          "column": 38
        }
      },
      "20": {
        "start": {
          "line": 64,
          "column": 27
        },
        "end": {
          "line": 67,
          "column": 5
        }
      },
      "21": {
        "start": {
          "line": 65,
          "column": 8
        },
        "end": {
          "line": 65,
          "column": 42
        }
      },
      "22": {
        "start": {
          "line": 66,
          "column": 8
        },
        "end": {
          "line": 66,
          "column": 51
        }
      },
      "23": {
        "start": {
          "line": 70,
          "column": 4
        },
        "end": {
          "line": 168,
          "column": 5
        }
      },
      "24": {
        "start": {
          "line": 142,
          "column": 48
        },
        "end": {
          "line": 149,
          "column": 25
        }
      },
      "25": {
        "start": {
          "line": 144,
          "column": 32
        },
        "end": {
          "line": 146,
          "column": 33
        }
      },
      "26": {
        "start": {
          "line": 145,
          "column": 36
        },
        "end": {
          "line": 145,
          "column": 61
        }
      },
      "27": {
        "start": {
          "line": 147,
          "column": 32
        },
        "end": {
          "line": 147,
          "column": 92
        }
      },
      "28": {
        "start": {
          "line": 159,
          "column": 47
        },
        "end": {
          "line": 159,
          "column": 66
        }
      }
    },
    "fnMap": {
      "0": {
        "name": "(anonymous_0)",
        "decl": {
          "start": {
            "line": 18,
            "column": 22
          },
          "end": {
            "line": 18,
            "column": 23
          }
        },
        "loc": {
          "start": {
            "line": 18,
            "column": 28
          },
          "end": {
            "line": 169,
            "column": 1
          }
        },
        "line": 18
      },
      "1": {
        "name": "(anonymous_1)",
        "decl": {
          "start": {
            "line": 21,
            "column": 29
          },
          "end": {
            "line": 21,
            "column": 30
          }
        },
        "loc": {
          "start": {
            "line": 21,
            "column": 51
          },
          "end": {
            "line": 21,
            "column": 66
          }
        },
        "line": 21
      },
      "2": {
        "name": "(anonymous_2)",
        "decl": {
          "start": {
            "line": 23,
            "column": 14
          },
          "end": {
            "line": 23,
            "column": 15
          }
        },
        "loc": {
          "start": {
            "line": 23,
            "column": 20
          },
          "end": {
            "line": 27,
            "column": 5
          }
        },
        "line": 23
      },
      "3": {
        "name": "(anonymous_3)",
        "decl": {
          "start": {
            "line": 30,
            "column": 21
          },
          "end": {
            "line": 30,
            "column": 22
          }
        },
        "loc": {
          "start": {
            "line": 30,
            "column": 50
          },
          "end": {
            "line": 61,
            "column": 5
          }
        },
        "line": 30
      },
      "4": {
        "name": "(anonymous_4)",
        "decl": {
          "start": {
            "line": 48,
            "column": 18
          },
          "end": {
            "line": 48,
            "column": 19
          }
        },
        "loc": {
          "start": {
            "line": 48,
            "column": 30
          },
          "end": {
            "line": 48,
            "column": 45
          }
        },
        "line": 48
      },
      "5": {
        "name": "(anonymous_5)",
        "decl": {
          "start": {
            "line": 49,
            "column": 18
          },
          "end": {
            "line": 49,
            "column": 19
          }
        },
        "loc": {
          "start": {
            "line": 49,
            "column": 26
          },
          "end": {
            "line": 58,
            "column": 13
          }
        },
        "line": 49
      },
      "6": {
        "name": "(anonymous_6)",
        "decl": {
          "start": {
            "line": 59,
            "column": 19
          },
          "end": {
            "line": 59,
            "column": 20
          }
        },
        "loc": {
          "start": {
            "line": 59,
            "column": 28
          },
          "end": {
            "line": 59,
            "column": 46
          }
        },
        "line": 59
      },
      "7": {
        "name": "(anonymous_7)",
        "decl": {
          "start": {
            "line": 64,
            "column": 27
          },
          "end": {
            "line": 64,
            "column": 28
          }
        },
        "loc": {
          "start": {
            "line": 64,
            "column": 47
          },
          "end": {
            "line": 67,
            "column": 5
          }
        },
        "line": 64
      },
      "8": {
        "name": "(anonymous_8)",
        "decl": {
          "start": {
            "line": 142,
            "column": 24
          },
          "end": {
            "line": 142,
            "column": 25
          }
        },
        "loc": {
          "start": {
            "line": 142,
            "column": 48
          },
          "end": {
            "line": 149,
            "column": 25
          }
        },
        "line": 142
      },
      "9": {
        "name": "(anonymous_9)",
        "decl": {
          "start": {
            "line": 143,
            "column": 28
          },
          "end": {
            "line": 143,
            "column": 29
          }
        },
        "loc": {
          "start": {
            "line": 143,
            "column": 48
          },
          "end": {
            "line": 148,
            "column": 29
          }
        },
        "line": 143
      },
      "10": {
        "name": "(anonymous_10)",
        "decl": {
          "start": {
            "line": 159,
            "column": 41
          },
          "end": {
            "line": 159,
            "column": 42
          }
        },
        "loc": {
          "start": {
            "line": 159,
            "column": 47
          },
          "end": {
            "line": 159,
            "column": 66
          }
        },
        "line": 159
      }
    },
    "branchMap": {
      "0": {
        "loc": {
          "start": {
            "line": 24,
            "column": 8
          },
          "end": {
            "line": 26,
            "column": 9
          }
        },
        "type": "if",
        "locations": [
          {
            "start": {
              "line": 24,
              "column": 8
            },
            "end": {
              "line": 26,
              "column": 9
            }
          },
          {
            "start": {
              "line": 24,
              "column": 8
            },
            "end": {
              "line": 26,
              "column": 9
            }
          }
        ],
        "line": 24
      },
      "1": {
        "loc": {
          "start": {
            "line": 50,
            "column": 16
          },
          "end": {
            "line": 57,
            "column": 17
          }
        },
        "type": "if",
        "locations": [
          {
            "start": {
              "line": 50,
              "column": 16
            },
            "end": {
              "line": 57,
              "column": 17
            }
          },
          {
            "start": {
              "line": 50,
              "column": 16
            },
            "end": {
              "line": 57,
              "column": 17
            }
          }
        ],
        "line": 50
      },
      "2": {
        "loc": {
          "start": {
            "line": 144,
            "column": 32
          },
          "end": {
            "line": 146,
            "column": 33
          }
        },
        "type": "if",
        "locations": [
          {
            "start": {
              "line": 144,
              "column": 32
            },
            "end": {
              "line": 146,
              "column": 33
            }
          },
          {
            "start": {
              "line": 144,
              "column": 32
            },
            "end": {
              "line": 146,
              "column": 33
            }
          }
        ],
        "line": 144
      },
      "3": {
        "loc": {
          "start": {
            "line": 144,
            "column": 36
          },
          "end": {
            "line": 144,
            "column": 81
          }
        },
        "type": "binary-expr",
        "locations": [
          {
            "start": {
              "line": 144,
              "column": 36
            },
            "end": {
              "line": 144,
              "column": 42
            }
          },
          {
            "start": {
              "line": 144,
              "column": 46
            },
            "end": {
              "line": 144,
              "column": 81
            }
          }
        ],
        "line": 144
      }
    },
    "s": {
      "0": 18,
      "1": 8,
      "2": 8,
      "3": 8,
      "4": 14,
      "5": 8,
      "6": 2,
      "7": 0,
      "8": 8,
      "9": 1,
      "10": 1,
      "11": 1,
      "12": 1,
      "13": 1,
      "14": 0,
      "15": 0,
      "16": 0,
      "17": 1,
      "18": 0,
      "19": 1,
      "20": 8,
      "21": 0,
      "22": 0,
      "23": 8,
      "24": 3,
      "25": 3,
      "26": 2,
      "27": 1,
      "28": 0
    },
    "f": {
      "0": 8,
      "1": 14,
      "2": 2,
      "3": 1,
      "4": 1,
      "5": 1,
      "6": 0,
      "7": 0,
      "8": 3,
      "9": 3,
      "10": 0
    },
    "b": {
      "0": [
        0,
        2
      ],
      "1": [
        0,
        1
      ],
      "2": [
        2,
        1
      ],
      "3": [
        3,
        3
      ]
    },
    "_coverageSchema": "1a1c01bbd47fc00a2c39e90264f33305004495a9",
    "hash": "b51298e738e23ea3bbf9e501e8b9a408e3b6dc6f"
  },
  "D:\\React\\INtern\\social-media\\src\\App.tsx": {
    "path": "D:\\React\\INtern\\social-media\\src\\App.tsx",
    "statementMap": {
      "0": {
        "start": {
          "line": 17,
          "column": 38
        },
        "end": {
          "line": 17,
          "column": 58
        }
      },
      "1": {
        "start": {
          "line": 18,
          "column": 22
        },
        "end": {
          "line": 18,
          "column": 67
        }
      },
      "2": {
        "start": {
          "line": 18,
          "column": 56
        },
        "end": {
          "line": 18,
          "column": 66
        }
      },
      "3": {
        "start": {
          "line": 21,
          "column": 2
        },
        "end": {
          "line": 42,
          "column": 4
        }
      }
    },
    "fnMap": {
      "0": {
        "name": "App",
        "decl": {
          "start": {
            "line": 16,
            "column": 9
          },
          "end": {
            "line": 16,
            "column": 12
          }
        },
        "loc": {
          "start": {
            "line": 16,
            "column": 15
          },
          "end": {
            "line": 43,
            "column": 1
          }
        },
        "line": 16
      },
      "1": {
        "name": "(anonymous_1)",
        "decl": {
          "start": {
            "line": 18,
            "column": 34
          },
          "end": {
            "line": 18,
            "column": 35
          }
        },
        "loc": {
          "start": {
            "line": 18,
            "column": 56
          },
          "end": {
            "line": 18,
            "column": 66
          }
        },
        "line": 18
      }
    },
    "branchMap": {},
    "s": {
      "0": 228,
      "1": 228,
      "2": 370,
      "3": 228
    },
    "f": {
      "0": 228,
      "1": 370
    },
    "b": {},
    "_coverageSchema": "1a1c01bbd47fc00a2c39e90264f33305004495a9",
    "hash": "1e57458d3c01fe205fe5ef89dfc5e261e052b845"
  },
  "D:\\React\\INtern\\social-media\\src\\redux\\store\\store.ts": {
    "path": "D:\\React\\INtern\\social-media\\src\\redux\\store\\store.ts",
    "statementMap": {
      "0": {
        "start": {
          "line": 4,
          "column": 21
        },
        "end": {
          "line": 8,
          "column": 2
        }
      }
    },
    "fnMap": {},
    "branchMap": {},
    "s": {
      "0": 18
    },
    "f": {},
    "b": {},
    "_coverageSchema": "1a1c01bbd47fc00a2c39e90264f33305004495a9",
    "hash": "a03cb8f65e87da6a21e410ab52dec2bdc108b295"
  },
  "D:\\React\\INtern\\social-media\\src\\index.tsx": {
    "path": "D:\\React\\INtern\\social-media\\src\\index.tsx",
    "statementMap": {
      "0": {
        "start": {
          "line": 10,
          "column": 13
        },
        "end": {
          "line": 12,
          "column": 1
        }
      },
      "1": {
        "start": {
          "line": 13,
          "column": 0
        },
        "end": {
          "line": 21,
          "column": 2
        }
      }
    },
    "fnMap": {},
    "branchMap": {},
    "s": {
      "0": 18,
      "1": 18
    },
    "f": {},
    "b": {},
    "_coverageSchema": "1a1c01bbd47fc00a2c39e90264f33305004495a9",
    "hash": "b3fbe3f7ce3d22a1976e70112cf7304f86329ce9"
  }
}